<?xml version="1.0" encoding="UTF-8"?>
<!-- Generated by org.testng.reporters.JUnitReportReporter -->
<testsuite hostname="DDC5-L-3SY8NN2" failures="0" tests="1" name="Test.Login" time="21.550" errors="0" timestamp="27 Jul 2019 22:04:42 GMT" skipped="0">
  <testcase classname="Test.Login" name="Login0" time="21.550"/>
</testsuite> <!-- Test.Login -->
